14.01.2023 22:40:01	Этот журнал содержит сведения об операции импорта схемы в проект "Database" на компьютере "DESKTOP-Q5QN27T", выполненной пользователем "Nikich".
14.01.2023 22:40:01	Импорт схемы базы данных начат.
14.01.2023 22:40:08	Идет сбор учетных данных для базы данных
14.01.2023 22:40:08	Идет сбор параметров базы данных
14.01.2023 22:40:08	Собирается параметр конфигурации области универсальной базы данных
14.01.2023 22:40:08	Идет сбор пользователей
14.01.2023 22:40:08	Идет сбор ролей
14.01.2023 22:40:08	Идет сбор ролей приложений
14.01.2023 22:40:08	Идет сбор членств ролей
14.01.2023 22:40:08	Идет сбор файловых групп
14.01.2023 22:40:08	Идет сбор файлов
14.01.2023 22:40:08	Идет сбор полнотекстовых каталогов
14.01.2023 22:40:08	Идет сбор сборок
14.01.2023 22:40:08	Идет сбор сертификатов
14.01.2023 22:40:08	Идет сбор асимметричных ключей
14.01.2023 22:40:08	Идет сбор симметричных ключей
14.01.2023 22:40:08	Идет сбор зашифрованных симметричных ключей
14.01.2023 22:40:08	Идет сбор ключей шифрования базы данных
14.01.2023 22:40:08	Идет сбор схем
14.01.2023 22:40:08	Идет сбор коллекции схем XML
14.01.2023 22:40:08	Идет сбор определяемых пользователем типов данных
14.01.2023 22:40:08	Идет сбор определяемых пользователем типов
14.01.2023 22:40:08	Идет сбор табличных типов
14.01.2023 22:40:08	Сбор уникальных ключей для табличных типов
14.01.2023 22:40:08	Идет сбор первичных ключей для табличных типов
14.01.2023 22:40:08	Сбор индексов для табличных типов
14.01.2023 22:40:08	Идет сбор проверочных ограничений для табличных типов
14.01.2023 22:40:08	Идет сбор ограничений по умолчанию для табличных типов
14.01.2023 22:40:08	Идет сбор функций секционирования
14.01.2023 22:40:08	Идет сбор схем секционирования
14.01.2023 22:40:08	Идет сбор функций
14.01.2023 22:40:08	Сбор зашифрованных функций
14.01.2023 22:40:08	Идет сбор статистических выражений
14.01.2023 22:40:08	Идет сбор процедур
14.01.2023 22:40:08	Сбор зашифрованных процедур
14.01.2023 22:40:08	Идет сбор таблиц
14.01.2023 22:40:08	Идет сбор первичных ключей
14.01.2023 22:40:08	Идет сбор ограничений уникальности
14.01.2023 22:40:08	Идет сбор внешних ключей
14.01.2023 22:40:08	Идет сбор ограничений по умолчанию
14.01.2023 22:40:08	Идет сбор проверочных ограничений
14.01.2023 22:40:08	Идет сбор представлений
14.01.2023 22:40:08	Сбор зашифрованных представлений
14.01.2023 22:40:08	Идет сбор индексов
14.01.2023 22:40:08	Идет сбор статистики
14.01.2023 22:40:08	Идет сбор списков стоп-слов полнотекстовых индексов
14.01.2023 22:40:08	Сбор списков свойств поиска
14.01.2023 22:40:08	Сбор свойств поиска
14.01.2023 22:40:08	Идет сбор полнотекстовых индексов
14.01.2023 22:40:08	Сбор индексов хранилища столбцов
14.01.2023 22:40:08	Идет сбор пространственных индексов
14.01.2023 22:40:08	Идет сбор XML-индексов
14.01.2023 22:40:08	Сбор селективных XML-индексов
14.01.2023 22:40:08	Сбор зашифрованных триггеров
14.01.2023 22:40:08	Идет сбор триггеров
14.01.2023 22:40:08	Идет сбор зашифрованных триггеров и триггеров ddl clr
14.01.2023 22:40:08	Идет сбор триггеров ddl
14.01.2023 22:40:08	Создание ограничений границы
14.01.2023 22:40:08	Идет сбор синонимов
14.01.2023 22:40:08	Идет сбор значений по умолчанию
14.01.2023 22:40:08	Идет сбор привязок uddt ограничений данных
14.01.2023 22:40:08	Идет сбор правил
14.01.2023 22:40:08	Идет сбор привязок uddt ограничений данных
14.01.2023 22:40:08	Идет сбор типов сообщений
14.01.2023 22:40:08	Идет сбор списков ожидания
14.01.2023 22:40:08	Идет сбор контрактов
14.01.2023 22:40:08	Идет сбор служб
14.01.2023 22:40:08	Идет сбор маршрутов
14.01.2023 22:40:08	Идет сбор уведомлений о событиях
14.01.2023 22:40:08	Идет сбор привязок удаленных служб
14.01.2023 22:40:08	Идет сбор приоритетов брокера
14.01.2023 22:40:08	Идет сбор спецификаций аудита базы данных
14.01.2023 22:40:08	Идет сбор подписей
14.01.2023 22:40:08	Идет сбор параметров сжатия данных
14.01.2023 22:40:08	Сбор типов последовательностей
14.01.2023 22:40:08	Идет сбор политик безопасности
14.01.2023 22:40:08	Сбор ключей шифрования столбцов
14.01.2023 22:40:08	Сбор главных ключей столбцов
14.01.2023 22:40:08	Выполняется сбор внешних источников данных
14.01.2023 22:40:08	Выполняется сбор внешних форматов файлов
14.01.2023 22:40:08	Выполняется сбор внешних таблиц
14.01.2023 22:40:08	Идет сбор расширенных свойств
14.01.2023 22:40:08	Идет сбор сборок
14.01.2023 22:40:09	Выполняется проверка проекта на наличие повторяющихся элементов
14.01.2023 22:40:09	Обработка повторяющегося элемента завершена
14.01.2023 22:40:10	Импорт базы данных завершен.
14.01.2023 22:40:10	summary операции импорта была сохранена по следующему пути: D:\Projects\ScrapWebPage\Database\Журналы импорта схем\Database_20230114074001.log
14.01.2023 22:40:10	Для продолжения нажмите кнопку ''Готово''...
