14.01.2023 22:32:36	Этот журнал содержит сведения об операции импорта схемы в проект "Database" на компьютере "DESKTOP-Q5QN27T", выполненной пользователем "Nikich".
14.01.2023 22:32:36	Импорт схемы базы данных начат.
14.01.2023 22:32:45	Идет сбор учетных данных для базы данных
14.01.2023 22:32:45	Идет сбор параметров базы данных
14.01.2023 22:32:45	Собирается параметр конфигурации области универсальной базы данных
14.01.2023 22:32:46	Идет сбор пользователей
14.01.2023 22:32:46	Идет сбор ролей
14.01.2023 22:32:46	Идет сбор ролей приложений
14.01.2023 22:32:46	Идет сбор членств ролей
14.01.2023 22:32:46	Идет сбор файловых групп
14.01.2023 22:32:46	Идет сбор полнотекстовых каталогов
14.01.2023 22:32:46	Идет сбор сборок
14.01.2023 22:32:46	Идет сбор сертификатов
14.01.2023 22:32:46	Идет сбор асимметричных ключей
14.01.2023 22:32:46	Идет сбор симметричных ключей
14.01.2023 22:32:46	Идет сбор зашифрованных симметричных ключей
14.01.2023 22:32:46	Идет сбор схем
14.01.2023 22:32:46	Идет сбор коллекции схем XML
14.01.2023 22:32:46	Идет сбор определяемых пользователем типов данных
14.01.2023 22:32:46	Идет сбор определяемых пользователем типов
14.01.2023 22:32:46	Идет сбор табличных типов
14.01.2023 22:32:46	Сбор уникальных ключей для табличных типов
14.01.2023 22:32:46	Идет сбор первичных ключей для табличных типов
14.01.2023 22:32:46	Сбор индексов для табличных типов
14.01.2023 22:32:46	Идет сбор проверочных ограничений для табличных типов
14.01.2023 22:32:46	Идет сбор ограничений по умолчанию для табличных типов
14.01.2023 22:32:46	Идет сбор функций секционирования
14.01.2023 22:32:46	Идет сбор схем секционирования
14.01.2023 22:32:46	Идет сбор функций
14.01.2023 22:32:46	Сбор зашифрованных функций
14.01.2023 22:32:46	Идет сбор статистических выражений
14.01.2023 22:32:46	Идет сбор процедур
14.01.2023 22:32:46	Сбор зашифрованных процедур
14.01.2023 22:32:46	Идет сбор таблиц
14.01.2023 22:33:16	SQL Server выдал ошибку при попытке реконструкции элементов типа Microsoft.Data.Tools.Schema.Sql.SchemaModel.SqlColumn: Ошибка: 8645, серьезность: 17, состояние: 1. (Параметры: ). Сообщение представлено в сжатом виде, поскольку во время форматирования произошла ошибка. Трассировка, ETW, уведомления и т. п. опущены.

14.01.2023 22:33:16	Сформировано исключение.
Не удалось повторно подключиться к базе данных: Ошибка: 8645, серьезность: 17, состояние: 1. (Параметры: ). Сообщение представлено в сжатом виде, поскольку во время форматирования произошла ошибка. Трассировка, ETW, уведомления и т. п. опущены.

14.01.2023 22:33:16	SQL Server выдал ошибку при попытке реконструкции элементов типа Microsoft.Data.Tools.Schema.Sql.SchemaModel.SqlColumn: Ошибка: 8645, серьезность: 17, состояние: 1. (Параметры: ). Сообщение представлено в сжатом виде, поскольку во время форматирования произошла ошибка. Трассировка, ETW, уведомления и т. п. опущены.

14.01.2023 22:33:16	Импорт базы данных завершен.
14.01.2023 22:33:16	summary операции импорта была сохранена по следующему пути: D:\Projects\ScrapWebPage\Database\Журналы импорта схем\Database_20230114073236.log
14.01.2023 22:33:16	Для продолжения нажмите кнопку ''Готово''...
